<?xml version="1.0" encoding="UTF-8"?>
<testsuite name="az.library.management.service.TransactionServiceTest" tests="1" skipped="0" failures="0" errors="0" timestamp="2023-08-25T19:05:43" hostname="MIKA" time="0.552">
  <properties/>
  <testcase name="ReturnBook return correctly" classname="az.library.management.service.TransactionServiceTest" time="0.552"/>
  <system-out><![CDATA[az.library.management.dao.entity.Transaction@6da9dc6
1
az.library.management.dao.entity.Transaction@12010fd1
1
az.library.management.dao.entity.Transaction@6da9dc6
1
az.library.management.dao.entity.Transaction@12010fd1
1
]]></system-out>
  <system-err><![CDATA[]]></system-err>
</testsuite>
